#
# There is insufficient memory for the Java Runtime Environment to continue.
# Native memory allocation (malloc) failed to allocate 1048576 bytes for AllocateHeap
# Possible reasons:
#   The system is out of physical RAM or swap space
#   In 32 bit mode, the process size limit was hit
# Possible solutions:
#   Reduce memory load on the system
#   Increase physical memory or swap space
#   Check if swap backing store is full
#   Use 64 bit Java on a 64 bit OS
#   Decrease Java heap size (-Xmx/-Xms)
#   Decrease number of Java threads
#   Decrease Java thread stack sizes (-Xss)
#   Set larger code cache with -XX:ReservedCodeCacheSize=
# This output file may be truncated or incomplete.
#
#  Out of Memory Error (memory/allocation.inline.hpp:61), pid=17900, tid=0x0000000000002ad8
#
# JRE version:  (8.0_191-b12) (build )
# Java VM: Java HotSpot(TM) 64-Bit Server VM (25.191-b12 mixed mode windows-amd64 compressed oops)
# Failed to write core dump. Minidumps are not enabled by default on client versions of Windows
#

---------------  T H R E A D  ---------------

Current thread (0x0000000002ac6000):  JavaThread "Unknown thread" [_thread_in_vm, id=10968, stack(0x00000000028d0000,0x00000000029d0000)]

Stack: [0x00000000028d0000,0x00000000029d0000]
[error occurred during error reporting (printing stack bounds), id 0xc0000005]

Native frames: (J=compiled Java code, j=interpreted, Vv=VM code, C=native code)


---------------  P R O C E S S  ---------------

Java Threads: ( => current thread )

Other Threads:

=>0x0000000002ac6000 (exited) JavaThread "Unknown thread" [_thread_in_vm, id=10968, stack(0x00000000028d0000,0x00000000029d0000)]

VM state:not at safepoint (normal execution)

VM Mutex/Monitor currently owned by a thread: None

Heap:
 PSYoungGen      total 38400K, used 665K [0x00000000d5700000, 0x00000000d8180000, 0x0000000100000000)
  eden space 33280K, 2% used [0x00000000d5700000,0x00000000d57a6670,0x00000000d7780000)
  from space 5120K, 0% used [0x00000000d7c80000,0x00000000d7c80000,0x00000000d8180000)
  to   space 5120K, 0% used [0x00000000d7780000,0x00000000d7780000,0x00000000d7c80000)
 ParOldGen       total 87552K, used 0K [0x0000000080400000, 0x0000000085980000, 0x00000000d5700000)
  object space 87552K, 0% used [0x0000000080400000,0x0000000080400000,0x0000000085980000)
 Metaspace       used 775K, capacity 4480K, committed 4480K, reserved 1056768K
  class space    used 76K, capacity 384K, committed 384K, reserved 1048576K

Card table byte_map: [0x0000000011f80000,0x0000000012380000] byte_map_base: 0x0000000011b7e000

Marking Bits: (ParMarkBitMap*) 0x0000000051e23e30
 Begin Bits: [0x0000000012e30000, 0x0000000014e20000)
 End Bits:   [0x0000000014e20000, 0x0000000016e10000)

Polling page: 0x00000000003f0000

CodeCache: size=245760Kb used=327Kb max_used=327Kb free=245432Kb
 bounds [0x0000000002bc0000, 0x0000000002e30000, 0x0000000011bc0000]
 total_blobs=57 nmethods=0 adapters=38
 compilation: enabled

Compilation events (0 events):
No events

GC Heap History (0 events):
No events

Deoptimization events (0 events):
No events

Classes redefined (0 events):
No events

Internal exceptions (0 events):
No events

Events (10 events):
Event: 0.033 loading class java/lang/Short
Event: 0.033 loading class java/lang/Short done
Event: 0.033 loading class java/lang/Integer
Event: 0.033 loading class java/lang/Integer done
Event: 0.033 loading class java/lang/Long
Event: 0.033 loading class java/lang/Long done
Event: 0.034 loading class java/lang/NullPointerException
Event: 0.034 loading class java/lang/NullPointerException done
Event: 0.034 loading class java/lang/ArithmeticException
Event: 0.034 loading class java/lang/ArithmeticException done


Dynamic libraries:
0x00007ff6c2f50000 - 0x00007ff6c2f87000 	E:\java\jdk\bin\javaw.exe
0x00007ffced040000 - 0x00007ffced22d000 	C:\WINDOWS\SYSTEM32\ntdll.dll
0x00007ffcec800000 - 0x00007ffcec8b3000 	C:\WINDOWS\System32\KERNEL32.DLL
0x00007ffce9230000 - 0x00007ffce94c3000 	C:\WINDOWS\System32\KERNELBASE.dll
0x00007ffcec950000 - 0x00007ffcec9f3000 	C:\WINDOWS\System32\ADVAPI32.dll
0x00007ffceace0000 - 0x00007ffcead7e000 	C:\WINDOWS\System32\msvcrt.dll
0x00007ffcecef0000 - 0x00007ffcecf8e000 	C:\WINDOWS\System32\sechost.dll
0x00007ffcec620000 - 0x00007ffcec742000 	C:\WINDOWS\System32\RPCRT4.dll
0x00007ffceab40000 - 0x00007ffceacd7000 	C:\WINDOWS\System32\USER32.dll
0x00007ffce9190000 - 0x00007ffce91b0000 	C:\WINDOWS\System32\win32u.dll
0x00007ffcec8c0000 - 0x00007ffcec8e9000 	C:\WINDOWS\System32\GDI32.dll
0x00007ffce97d0000 - 0x00007ffce9969000 	C:\WINDOWS\System32\gdi32full.dll
0x00007ffce9b00000 - 0x00007ffce9ba0000 	C:\WINDOWS\System32\msvcp_win.dll
0x00007ffce96d0000 - 0x00007ffce97ca000 	C:\WINDOWS\System32\ucrtbase.dll
0x00007ffcdbe60000 - 0x00007ffcdc0d9000 	C:\WINDOWS\WinSxS\amd64_microsoft.windows.common-controls_6595b64144ccf1df_6.0.17763.652_none_05b13fdc0722da13\COMCTL32.dll
0x00007ffcea3e0000 - 0x00007ffcea70c000 	C:\WINDOWS\System32\combase.dll
0x00007ffce91b0000 - 0x00007ffce922e000 	C:\WINDOWS\System32\bcryptPrimitives.dll
0x00007ffcea2f0000 - 0x00007ffcea31e000 	C:\WINDOWS\System32\IMM32.DLL
0x0000000051130000 - 0x0000000051202000 	E:\java\jdk\jre\bin\msvcr100.dll
0x0000000051600000 - 0x0000000051ea4000 	E:\java\jdk\jre\bin\server\jvm.dll
0x00007ffceca00000 - 0x00007ffceca08000 	C:\WINDOWS\System32\PSAPI.DLL
0x00007ffce1fd0000 - 0x00007ffce1ff4000 	C:\WINDOWS\SYSTEM32\WINMM.dll
0x00007ffce4920000 - 0x00007ffce492a000 	C:\WINDOWS\SYSTEM32\VERSION.dll
0x00007ffce59a0000 - 0x00007ffce59a9000 	C:\WINDOWS\SYSTEM32\WSOCK32.dll
0x00007ffcea720000 - 0x00007ffcea78d000 	C:\WINDOWS\System32\WS2_32.dll
0x00007ffce1fa0000 - 0x00007ffce1fcd000 	C:\WINDOWS\SYSTEM32\winmmbase.dll
0x00007ffce9ab0000 - 0x00007ffce9afa000 	C:\WINDOWS\System32\cfgmgr32.dll
0x00000000561b0000 - 0x00000000561bf000 	E:\java\jdk\jre\bin\verify.dll
0x0000000056180000 - 0x00000000561a9000 	E:\java\jdk\jre\bin\java.dll
0x0000000051500000 - 0x0000000051516000 	E:\java\jdk\jre\bin\zip.dll

VM Arguments:
jvm_args: -Dfile.encoding=UTF-8 
java_command: com.PracticeApplication
java_class_path (initial): E:\java\jdk\jre\lib\resources.jar;E:\java\jdk\jre\lib\rt.jar;E:\java\jdk\jre\lib\jsse.jar;E:\java\jdk\jre\lib\jce.jar;E:\java\jdk\jre\lib\charsets.jar;E:\java\jdk\jre\lib\jfr.jar;E:\java\jdk\jre\lib\ext\access-bridge-64.jar;E:\java\jdk\jre\lib\ext\cldrdata.jar;E:\java\jdk\jre\lib\ext\dnsns.jar;E:\java\jdk\jre\lib\ext\jaccess.jar;E:\java\jdk\jre\lib\ext\jfxrt.jar;E:\java\jdk\jre\lib\ext\localedata.jar;E:\java\jdk\jre\lib\ext\nashorn.jar;E:\java\jdk\jre\lib\ext\sunec.jar;E:\java\jdk\jre\lib\ext\sunjce_provider.jar;E:\java\jdk\jre\lib\ext\sunmscapi.jar;E:\java\jdk\jre\lib\ext\sunpkcs11.jar;E:\java\jdk\jre\lib\ext\zipfs.jar;E:\eclipseworkspace64\practice\target\classes;E:\maven\maven-repository\org\springframework\boot\spring-boot-starter\2.0.3.RELEASE\spring-boot-starter-2.0.3.RELEASE.jar;E:\maven\maven-repository\org\springframework\boot\spring-boot\2.0.3.RELEASE\spring-boot-2.0.3.RELEASE.jar;E:\maven\maven-repository\org\springframework\spring-context\5.0.7.RELEASE\spring-context-5.0.7.RELEASE.jar;E:\maven\maven-repository\org\springframework\boot\spring-boot-autoconfigure\2.0.3.RELEASE\spring-boot-autoconfigure-2.0.3.RELEASE.jar;E:\maven\maven-repository\org\springframework\boot\spring-boot-starter-logging\2.0.3.RELEASE\spring-boot-starter-logging-2.0.3.RELEASE.jar;E:\maven\maven-repository\ch\qos\logback\logback-classic\1.2.3\logback-classic-1.2.3.jar;E:\maven\maven-repository\ch\qos\logback\logback-core\1.2.3\logback-core-1.2.3.jar;E:\maven\maven-repository\org\apache\logging\log4j\log4j-to-slf4j\2.10.0\log4j-to-slf4j-2.10.0.jar;E:\maven\maven-repository\org\apache\logging\log4j\log4j-api\2.10.0\log4j-api-2.10.0.jar;E:\maven\maven-repository\org\slf4j\jul-to-slf4j\1.7.25\jul-to-slf4j-1.7.25.jar;E:\maven\maven-repository\javax\annotation\javax.annotation-api\1.3.2\javax.annotation-api-1.3.2.jar;E:\maven\maven-repository\org\springframework\spring-core\5.0.7.RELEASE\spring-core-5.0.7.RELEASE.jar;E:\maven\maven-repository\org\springframew
Launcher Type: SUN_STANDARD

Environment Variables:
JAVA_HOME=E:\java\jdk
CLASSPATH= ;E:\java\jdk\lib;E:\java\jdk\lib\tools.jar
PATH=E:/java/jdk/jre/bin/server;E:/java/jdk/jre/bin;E:/java/jdk/jre/lib/amd64;E:\Xshell 6\;C:\Program Files (x86)\Common Files\Oracle\Java\javapath;C:\WINDOWS\system32;C:\WINDOWS;C:\WINDOWS\System32\Wbem;C:\WINDOWS\System32\WindowsPowerShell\v1.0\;E:\Program Files\VisualSVN Server\bin;E:\Program Files\TortoiseSVN\bin;E:\java\jdk\lib;E:\java\jdk\jre\bin;E:\Git\cmd;E:\TortoiseGit\bin;E:\Redis\;E:\maven\apache-maven-3.3.9\bin;C:\Program Files\MySQL\MySQL Server 5.7\bin;E:\apache-tomcat-8.5.40\lib;E:\apache-tomcat-8.5.40\bin;E:\nodejs\;C:\WINDOWS\System32\OpenSSH\;E:\erl10.3\bin;C:\Users\user\AppData\Local\Programs\Python\Python37\Scripts\;C:\Users\user\AppData\Local\Programs\Python\Python37\;C:\Users\user\AppData\Roaming\npm;C:\Users\user\AppData\Local\Microsoft\WindowsApps;;E:\IDE\eclipse64;
USERNAME=user
OS=Windows_NT
PROCESSOR_IDENTIFIER=AMD64 Family 21 Model 2 Stepping 0, AuthenticAMD



---------------  S Y S T E M  ---------------

OS: Windows 10.0 , 64 bit Build 17763 (10.0.17763.475)

CPU:total 8 (initial active 8) (8 cores per cpu, 1 threads per core) family 21 model 2 stepping 0, cmov, cx8, fxsr, mmx, sse, sse2, sse3, ssse3, sse4.1, sse4.2, popcnt, avx, aes, clmul, mmxext, 3dnowpref, lzcnt, sse4a, tsc, tscinvbit, tscinv, bmi1

Memory: 4k page, physical 8371216k(1176552k free), swap 14811452k(5340k free)

vm_info: Java HotSpot(TM) 64-Bit Server VM (25.191-b12) for windows-amd64 JRE (1.8.0_191-b12), built on Oct  6 2018 09:29:03 by "java_re" with MS VC++ 10.0 (VS2010)

time: Wed Oct 16 15:34:07 2019
elapsed time: 0 seconds (0d 0h 0m 0s)

