#
# There is insufficient memory for the Java Runtime Environment to continue.
# Native memory allocation (malloc) failed to allocate 1197296 bytes for Chunk::new
# Possible reasons:
#   The system is out of physical RAM or swap space
#   In 32 bit mode, the process size limit was hit
# Possible solutions:
#   Reduce memory load on the system
#   Increase physical memory or swap space
#   Check if swap backing store is full
#   Use 64 bit Java on a 64 bit OS
#   Decrease Java heap size (-Xmx/-Xms)
#   Decrease number of Java threads
#   Decrease Java thread stack sizes (-Xss)
#   Set larger code cache with -XX:ReservedCodeCacheSize=
# This output file may be truncated or incomplete.
#
#  Out of Memory Error (allocation.cpp:390), pid=20620, tid=0x000000000000a22c
#
# JRE version: Java(TM) SE Runtime Environment (8.0_191-b12) (build 1.8.0_191-b12)
# Java VM: Java HotSpot(TM) 64-Bit Server VM (25.191-b12 mixed mode windows-amd64 compressed oops)
# Failed to write core dump. Minidumps are not enabled by default on client versions of Windows
#

---------------  T H R E A D  ---------------

Current thread (0x000000001b183000):  JavaThread "C2 CompilerThread0" daemon [_thread_in_native, id=41516, stack(0x000000001b670000,0x000000001b770000)]

Stack: [0x000000001b670000,0x000000001b770000]
[error occurred during error reporting (printing stack bounds), id 0xc0000005]

Native frames: (J=compiled Java code, j=interpreted, Vv=VM code, C=native code)


Current CompileTask:
C2:  20007 6790       4       org.springframework.core.SerializableTypeWrapper::forTypeProvider (184 bytes)


---------------  P R O C E S S  ---------------

Java Threads: ( => current thread )
  0x0000000027ffb800 JavaThread "DestroyJavaVM" [_thread_blocked, id=27928, stack(0x00000000030f0000,0x00000000031f0000)]
  0x0000000027ffc800 JavaThread "http-nio-0.0.0.0-8088-AsyncTimeout" daemon [_thread_blocked, id=18436, stack(0x000000002c140000,0x000000002c240000)]
  0x0000000027ffb000 JavaThread "http-nio-0.0.0.0-8088-Acceptor-0" daemon [_thread_in_native, id=15692, stack(0x000000002c040000,0x000000002c140000)]
  0x0000000027ffa000 JavaThread "http-nio-0.0.0.0-8088-ClientPoller-1" daemon [_thread_in_native, id=33560, stack(0x000000002bf40000,0x000000002c040000)]
  0x0000000027ff8800 JavaThread "http-nio-0.0.0.0-8088-ClientPoller-0" daemon [_thread_in_native, id=46348, stack(0x000000002be40000,0x000000002bf40000)]
  0x0000000027ff8000 JavaThread "http-nio-0.0.0.0-8088-exec-10" daemon [_thread_blocked, id=26824, stack(0x000000002bd40000,0x000000002be40000)]
  0x0000000027ff9800 JavaThread "http-nio-0.0.0.0-8088-exec-9" daemon [_thread_blocked, id=14748, stack(0x000000002bc40000,0x000000002bd40000)]
  0x0000000027ff0800 JavaThread "http-nio-0.0.0.0-8088-exec-8" daemon [_thread_blocked, id=16944, stack(0x000000002bb40000,0x000000002bc40000)]
  0x0000000027ff1000 JavaThread "http-nio-0.0.0.0-8088-exec-7" daemon [_thread_blocked, id=16512, stack(0x000000002ba40000,0x000000002bb40000)]
  0x0000000027ff7000 JavaThread "http-nio-0.0.0.0-8088-exec-6" daemon [_thread_blocked, id=18112, stack(0x000000002b940000,0x000000002ba40000)]
  0x0000000027ff6800 JavaThread "http-nio-0.0.0.0-8088-exec-5" daemon [_thread_blocked, id=20312, stack(0x000000002b840000,0x000000002b940000)]
  0x0000000027fef000 JavaThread "http-nio-0.0.0.0-8088-exec-4" daemon [_thread_blocked, id=28948, stack(0x000000002b740000,0x000000002b840000)]
  0x0000000027fef800 JavaThread "http-nio-0.0.0.0-8088-exec-3" daemon [_thread_blocked, id=7924, stack(0x000000002b640000,0x000000002b740000)]
  0x0000000027ff5800 JavaThread "http-nio-0.0.0.0-8088-exec-2" daemon [_thread_blocked, id=24316, stack(0x000000002b540000,0x000000002b640000)]
  0x0000000027fee000 JavaThread "http-nio-0.0.0.0-8088-exec-1" daemon [_thread_blocked, id=6500, stack(0x000000002b440000,0x000000002b540000)]
  0x0000000027ff5000 JavaThread "NioBlockingSelector.BlockPoller-1" daemon [_thread_in_native, id=20264, stack(0x000000002b340000,0x000000002b440000)]
  0x0000000027fed800 JavaThread "pool-1-thread-15" [_thread_blocked, id=26264, stack(0x000000002b240000,0x000000002b340000)]
  0x0000000027ff4000 JavaThread "SimpleAsyncTaskExecutor-1" [_thread_blocked, id=18740, stack(0x000000002b140000,0x000000002b240000)]
  0x0000000027ff3800 JavaThread "pool-1-thread-14" [_thread_blocked, id=36892, stack(0x000000002b040000,0x000000002b140000)]
  0x0000000027ff2800 JavaThread "SimpleAsyncTaskExecutor-1" [_thread_blocked, id=42444, stack(0x000000002af40000,0x000000002b040000)]
  0x0000000027ff2000 JavaThread "pool-1-thread-13" [_thread_blocked, id=13120, stack(0x000000002ae40000,0x000000002af40000)]
  0x00000000246b4800 JavaThread "SimpleAsyncTaskExecutor-1" [_thread_blocked, id=31556, stack(0x000000002ad40000,0x000000002ae40000)]
  0x00000000246ac800 JavaThread "pool-1-thread-12" [_thread_blocked, id=24520, stack(0x000000002ac40000,0x000000002ad40000)]
  0x00000000246b3800 JavaThread "SimpleAsyncTaskExecutor-1" [_thread_blocked, id=33440, stack(0x000000002ab40000,0x000000002ac40000)]
  0x00000000246b3000 JavaThread "pool-1-thread-11" [_thread_blocked, id=22336, stack(0x000000002aa40000,0x000000002ab40000)]
  0x00000000246ad800 JavaThread "SimpleAsyncTaskExecutor-1" [_thread_blocked, id=21336, stack(0x000000002a940000,0x000000002aa40000)]
  0x00000000246b2000 JavaThread "pool-1-thread-10" [_thread_blocked, id=48184, stack(0x000000002a840000,0x000000002a940000)]
  0x00000000246b0800 JavaThread "SimpleAsyncTaskExecutor-1" [_thread_blocked, id=15604, stack(0x000000002a740000,0x000000002a840000)]
  0x00000000246b0000 JavaThread "pool-1-thread-9" [_thread_blocked, id=31220, stack(0x000000002a640000,0x000000002a740000)]
  0x00000000246b1800 JavaThread "SimpleAsyncTaskExecutor-1" [_thread_blocked, id=34416, stack(0x000000002a540000,0x000000002a640000)]
  0x00000000246af000 JavaThread "pool-1-thread-8" [_thread_blocked, id=12208, stack(0x000000002a440000,0x000000002a540000)]
  0x00000000246ae000 JavaThread "SimpleAsyncTaskExecutor-1" [_thread_blocked, id=23504, stack(0x000000002a340000,0x000000002a440000)]
  0x00000000246a5000 JavaThread "pool-1-thread-7" [_thread_blocked, id=24368, stack(0x000000002a240000,0x000000002a340000)]
  0x00000000246a8000 JavaThread "SimpleAsyncTaskExecutor-1" [_thread_blocked, id=44640, stack(0x000000002a140000,0x000000002a240000)]
  0x00000000246aa800 JavaThread "pool-1-thread-6" [_thread_blocked, id=34284, stack(0x000000002a040000,0x000000002a140000)]
  0x00000000246a6000 JavaThread "SimpleAsyncTaskExecutor-1" [_thread_blocked, id=29284, stack(0x0000000029f40000,0x000000002a040000)]
  0x00000000246a9800 JavaThread "pool-1-thread-5" [_thread_blocked, id=43872, stack(0x0000000029e40000,0x0000000029f40000)]
  0x00000000246a7800 JavaThread "SimpleAsyncTaskExecutor-1" [_thread_blocked, id=18568, stack(0x0000000029d40000,0x0000000029e40000)]
  0x00000000246a9000 JavaThread "pool-1-thread-4" [_thread_blocked, id=1368, stack(0x0000000029c40000,0x0000000029d40000)]
  0x00000000246a6800 JavaThread "SimpleAsyncTaskExecutor-1" [_thread_blocked, id=23848, stack(0x0000000029b40000,0x0000000029c40000)]
  0x00000000246ab000 JavaThread "pool-1-thread-3" [_thread_blocked, id=6568, stack(0x0000000028a10000,0x0000000028b10000)]
  0x00000000246ac000 JavaThread "pool-1-thread-2" [_thread_blocked, id=8512, stack(0x0000000027670000,0x0000000027770000)]
  0x000000001b02a800 JavaThread "AMQP Connection 127.0.0.1:5672" [_thread_in_native, id=13940, stack(0x0000000026de0000,0x0000000026ee0000)]
  0x000000001b02a000 JavaThread "SimpleAsyncTaskExecutor-1" [_thread_blocked, id=40992, stack(0x00000000268e0000,0x00000000269e0000)]
  0x000000001b024800 JavaThread "container-0" [_thread_blocked, id=42488, stack(0x00000000263e0000,0x00000000264e0000)]
  0x000000001b028800 JavaThread "ContainerBackgroundProcessor[StandardEngine[Tomcat]]" daemon [_thread_blocked, id=33640, stack(0x0000000026100000,0x0000000026200000)]
  0x000000001b027800 JavaThread "localhost-startStop-1" daemon [_thread_blocked, id=33968, stack(0x0000000025e00000,0x0000000025f00000)]
  0x000000001b027000 JavaThread "Tomcat-startStop-1" daemon [_thread_blocked, id=1868, stack(0x0000000025d00000,0x0000000025e00000)]
  0x000000001b02b800 JavaThread "HikariPool-1 housekeeper" daemon [_thread_blocked, id=10232, stack(0x0000000024b20000,0x0000000024c20000)]
  0x000000002136c000 JavaThread "Abandoned connection cleanup thread" daemon [_thread_blocked, id=748, stack(0x0000000021fb0000,0x00000000220b0000)]
  0x000000001b18f800 JavaThread "Service Thread" daemon [_thread_blocked, id=11964, stack(0x000000001ba70000,0x000000001bb70000)]
  0x000000001b18e800 JavaThread "C1 CompilerThread3" daemon [_thread_blocked, id=27680, stack(0x000000001b970000,0x000000001ba70000)]
  0x000000001b18e000 JavaThread "C2 CompilerThread2" daemon [_thread_in_native, id=22284, stack(0x000000001b870000,0x000000001b970000)]
  0x000000001b0b4000 JavaThread "C2 CompilerThread1" daemon [_thread_in_native, id=33928, stack(0x000000001b770000,0x000000001b870000)]
=>0x000000001b183000 JavaThread "C2 CompilerThread0" daemon [_thread_in_native, id=41516, stack(0x000000001b670000,0x000000001b770000)]
  0x000000001a424800 JavaThread "JDWP Command Reader" daemon [_thread_in_native, id=35084, stack(0x000000001ad70000,0x000000001ae70000)]
  0x000000001a423000 JavaThread "JDWP Event Helper Thread" daemon [_thread_blocked, id=5776, stack(0x000000001ac70000,0x000000001ad70000)]
  0x000000001a413000 JavaThread "JDWP Transport Listener: dt_socket" daemon [_thread_blocked, id=44592, stack(0x000000001ab70000,0x000000001ac70000)]
  0x00000000185aa000 JavaThread "Attach Listener" daemon [_thread_blocked, id=6816, stack(0x000000001aa70000,0x000000001ab70000)]
  0x000000001a408000 JavaThread "Signal Dispatcher" daemon [_thread_blocked, id=23712, stack(0x000000001a970000,0x000000001aa70000)]
  0x00000000185a3800 JavaThread "Finalizer" daemon [_thread_blocked, id=27200, stack(0x000000001a870000,0x000000001a970000)]
  0x000000001859d000 JavaThread "Reference Handler" daemon [_thread_blocked, id=33112, stack(0x000000001a770000,0x000000001a870000)]

Other Threads:
  0x000000000337e800 VMThread [stack: 0x000000001a270000,0x000000001a370000] [id=16580]
  0x000000001b0f5800 WatcherThread [stack: 0x000000001bb70000,0x000000001bc70000] [id=5544]

VM state:not at safepoint (normal execution)

VM Mutex/Monitor currently owned by a thread: None

Heap:
 PSYoungGen      total 520704K, used 315522K [0x00000000d5700000, 0x0000000100000000, 0x0000000100000000)
  eden space 493056K, 59% used [0x00000000d5700000,0x00000000e750d6b0,0x00000000f3880000)
  from space 27648K, 81% used [0x00000000f3880000,0x00000000f4e931e0,0x00000000f5380000)
  to   space 30208K, 0% used [0x00000000fe280000,0x00000000fe280000,0x0000000100000000)
 ParOldGen       total 111104K, used 37302K [0x0000000080400000, 0x0000000087080000, 0x00000000d5700000)
  object space 111104K, 33% used [0x0000000080400000,0x000000008286da58,0x0000000087080000)
 Metaspace       used 65805K, capacity 68480K, committed 68608K, reserved 1107968K
  class space    used 8692K, capacity 9154K, committed 9216K, reserved 1048576K

Card table byte_map: [0x0000000012920000,0x0000000012d20000] byte_map_base: 0x000000001251e000

Marking Bits: (ParMarkBitMap*) 0x0000000051e23e30
 Begin Bits: [0x00000000137d0000, 0x00000000157c0000)
 End Bits:   [0x00000000157c0000, 0x00000000177b0000)

Polling page: 0x0000000001070000

CodeCache: size=245760Kb used=24646Kb max_used=25357Kb free=221113Kb
 bounds [0x0000000003560000, 0x0000000004ea0000, 0x0000000012560000]
 total_blobs=6041 nmethods=5467 adapters=495
 compilation: enabled

Compilation events (10 events):
Event: 19.916 Thread 0x000000001b18e800 6818       3       org.springframework.beans.CachedIntrospectionResults::lambda$clearClassLoader$1 (9 bytes)
Event: 19.916 Thread 0x000000001b0b4000 nmethod 6815 0x0000000004198090 code [0x00000000041981e0, 0x0000000004198318]
Event: 19.916 Thread 0x000000001b0b4000 6811   !   4       org.springframework.core.SerializableTypeWrapper$TypeProxyInvocationHandler::invoke (239 bytes)
Event: 19.917 Thread 0x000000001b18e800 nmethod 6818 0x00000000049f2550 code [0x00000000049f2760, 0x00000000049f3468]
Event: 19.917 Thread 0x000000001b18e800 6819       3       org.springframework.beans.CachedIntrospectionResults::isUnderneathClassLoader (33 bytes)
Event: 19.918 Thread 0x000000001b18e800 nmethod 6819 0x00000000043b3d50 code [0x00000000043b3f40, 0x00000000043b4ab8]
Event: 19.924 Thread 0x000000001b18e800 6823       3       org.springframework.context.event.AbstractApplicationEventMulticaster::supportsEvent (52 bytes)
Event: 19.925 Thread 0x000000001b18e800 nmethod 6823 0x0000000003e2efd0 code [0x0000000003e2f1c0, 0x0000000003e2fab8]
Event: 19.966 Thread 0x000000001b18e000 nmethod 6665 0x00000000049428d0 code [0x0000000004943020, 0x000000000494b5b0]
Event: 19.966 Thread 0x000000001b18e000 6821       4       org.springframework.core.ResolvableType::forType (115 bytes)

GC Heap History (10 events):
Event: 7.640 GC heap before
{Heap before GC invocations=12 (full 2):
 PSYoungGen      total 266240K, used 249856K [0x00000000d5700000, 0x00000000eee80000, 0x0000000100000000)
  eden space 249856K, 100% used [0x00000000d5700000,0x00000000e4b00000,0x00000000e4b00000)
  from space 16384K, 0% used [0x00000000e4b00000,0x00000000e4b00000,0x00000000e5b00000)
  to   space 27648K, 0% used [0x00000000ed380000,0x00000000ed380000,0x00000000eee80000)
 ParOldGen       total 111104K, used 48149K [0x0000000080400000, 0x0000000087080000, 0x00000000d5700000)
  object space 111104K, 43% used [0x0000000080400000,0x0000000083305400,0x0000000087080000)
 Metaspace       used 29079K, capacity 30012K, committed 30336K, reserved 1075200K
  class space    used 3687K, capacity 3892K, committed 3968K, reserved 1048576K
Event: 7.661 GC heap after
Heap after GC invocations=12 (full 2):
 PSYoungGen      total 378368K, used 15903K [0x00000000d5700000, 0x00000000ee900000, 0x0000000100000000)
  eden space 356352K, 0% used [0x00000000d5700000,0x00000000d5700000,0x00000000eb300000)
  from space 22016K, 72% used [0x00000000ed380000,0x00000000ee307f60,0x00000000ee900000)
  to   space 27648K, 0% used [0x00000000eb300000,0x00000000eb300000,0x00000000ece00000)
 ParOldGen       total 111104K, used 48157K [0x0000000080400000, 0x0000000087080000, 0x00000000d5700000)
  object space 111104K, 43% used [0x0000000080400000,0x0000000083307400,0x0000000087080000)
 Metaspace       used 29079K, capacity 30012K, committed 30336K, reserved 1075200K
  class space    used 3687K, capacity 3892K, committed 3968K, reserved 1048576K
}
Event: 11.727 GC heap before
{Heap before GC invocations=13 (full 2):
 PSYoungGen      total 378368K, used 372255K [0x00000000d5700000, 0x00000000ee900000, 0x0000000100000000)
  eden space 356352K, 100% used [0x00000000d5700000,0x00000000eb300000,0x00000000eb300000)
  from space 22016K, 72% used [0x00000000ed380000,0x00000000ee307f60,0x00000000ee900000)
  to   space 27648K, 0% used [0x00000000eb300000,0x00000000eb300000,0x00000000ece00000)
 ParOldGen       total 111104K, used 48157K [0x0000000080400000, 0x0000000087080000, 0x00000000d5700000)
  object space 111104K, 43% used [0x0000000080400000,0x0000000083307400,0x0000000087080000)
 Metaspace       used 42914K, capacity 44246K, committed 44544K, reserved 1087488K
  class space    used 5572K, capacity 5851K, committed 5888K, reserved 1048576K
Event: 11.753 GC heap after
Heap after GC invocations=13 (full 2):
 PSYoungGen      total 384000K, used 16227K [0x00000000d5700000, 0x00000000f7200000, 0x0000000100000000)
  eden space 356352K, 0% used [0x00000000d5700000,0x00000000d5700000,0x00000000eb300000)
  from space 27648K, 58% used [0x00000000eb300000,0x00000000ec2d8ed8,0x00000000ece00000)
  to   space 27648K, 0% used [0x00000000f5700000,0x00000000f5700000,0x00000000f7200000)
 ParOldGen       total 111104K, used 51040K [0x0000000080400000, 0x0000000087080000, 0x00000000d5700000)
  object space 111104K, 45% used [0x0000000080400000,0x00000000835d8008,0x0000000087080000)
 Metaspace       used 42914K, capacity 44246K, committed 44544K, reserved 1087488K
  class space    used 5572K, capacity 5851K, committed 5888K, reserved 1048576K
}
Event: 12.205 GC heap before
{Heap before GC invocations=14 (full 2):
 PSYoungGen      total 384000K, used 67182K [0x00000000d5700000, 0x00000000f7200000, 0x0000000100000000)
  eden space 356352K, 14% used [0x00000000d5700000,0x00000000d88c2bc0,0x00000000eb300000)
  from space 27648K, 58% used [0x00000000eb300000,0x00000000ec2d8ed8,0x00000000ece00000)
  to   space 27648K, 0% used [0x00000000f5700000,0x00000000f5700000,0x00000000f7200000)
 ParOldGen       total 111104K, used 51040K [0x0000000080400000, 0x0000000087080000, 0x00000000d5700000)
  object space 111104K, 45% used [0x0000000080400000,0x00000000835d8008,0x0000000087080000)
 Metaspace       used 45132K, capacity 46494K, committed 46720K, reserved 1089536K
  class space    used 5887K, capacity 6191K, committed 6272K, reserved 1048576K
Event: 12.218 GC heap after
Heap after GC invocations=14 (full 2):
 PSYoungGen      total 517120K, used 2790K [0x00000000d5700000, 0x00000000f6e80000, 0x0000000100000000)
  eden space 493056K, 0% used [0x00000000d5700000,0x00000000d5700000,0x00000000f3880000)
  from space 24064K, 11% used [0x00000000f5700000,0x00000000f59b9a18,0x00000000f6e80000)
  to   space 27648K, 0% used [0x00000000f3880000,0x00000000f3880000,0x00000000f5380000)
 ParOldGen       total 111104K, used 57580K [0x0000000080400000, 0x0000000087080000, 0x00000000d5700000)
  object space 111104K, 51% used [0x0000000080400000,0x0000000083c3b1f8,0x0000000087080000)
 Metaspace       used 45132K, capacity 46494K, committed 46720K, reserved 1089536K
  class space    used 5887K, capacity 6191K, committed 6272K, reserved 1048576K
}
Event: 12.218 GC heap before
{Heap before GC invocations=15 (full 3):
 PSYoungGen      total 517120K, used 2790K [0x00000000d5700000, 0x00000000f6e80000, 0x0000000100000000)
  eden space 493056K, 0% used [0x00000000d5700000,0x00000000d5700000,0x00000000f3880000)
  from space 24064K, 11% used [0x00000000f5700000,0x00000000f59b9a18,0x00000000f6e80000)
  to   space 27648K, 0% used [0x00000000f3880000,0x00000000f3880000,0x00000000f5380000)
 ParOldGen       total 111104K, used 57580K [0x0000000080400000, 0x0000000087080000, 0x00000000d5700000)
  object space 111104K, 51% used [0x0000000080400000,0x0000000083c3b1f8,0x0000000087080000)
 Metaspace       used 45132K, capacity 46494K, committed 46720K, reserved 1089536K
  class space    used 5887K, capacity 6191K, committed 6272K, reserved 1048576K
Event: 12.423 GC heap after
Heap after GC invocations=15 (full 3):
 PSYoungGen      total 517120K, used 0K [0x00000000d5700000, 0x00000000f6e80000, 0x0000000100000000)
  eden space 493056K, 0% used [0x00000000d5700000,0x00000000d5700000,0x00000000f3880000)
  from space 24064K, 0% used [0x00000000f5700000,0x00000000f5700000,0x00000000f6e80000)
  to   space 27648K, 0% used [0x00000000f3880000,0x00000000f3880000,0x00000000f5380000)
 ParOldGen       total 111104K, used 37294K [0x0000000080400000, 0x0000000087080000, 0x00000000d5700000)
  object space 111104K, 33% used [0x0000000080400000,0x000000008286ba58,0x0000000087080000)
 Metaspace       used 45132K, capacity 46494K, committed 46720K, reserved 1089536K
  class space    used 5887K, capacity 6191K, committed 6272K, reserved 1048576K
}
Event: 17.194 GC heap before
{Heap before GC invocations=16 (full 3):
 PSYoungGen      total 517120K, used 493056K [0x00000000d5700000, 0x00000000f6e80000, 0x0000000100000000)
  eden space 493056K, 100% used [0x00000000d5700000,0x00000000f3880000,0x00000000f3880000)
  from space 24064K, 0% used [0x00000000f5700000,0x00000000f5700000,0x00000000f6e80000)
  to   space 27648K, 0% used [0x00000000f3880000,0x00000000f3880000,0x00000000f5380000)
 ParOldGen       total 111104K, used 37294K [0x0000000080400000, 0x0000000087080000, 0x00000000d5700000)
  object space 111104K, 33% used [0x0000000080400000,0x000000008286ba58,0x0000000087080000)
 Metaspace       used 58361K, capacity 60802K, committed 61056K, reserved 1101824K
  class space    used 7633K, capacity 8049K, committed 8064K, reserved 1048576K
Event: 17.237 GC heap after
Heap after GC invocations=16 (full 3):
 PSYoungGen      total 520704K, used 22604K [0x00000000d5700000, 0x0000000100000000, 0x0000000100000000)
  eden space 493056K, 0% used [0x00000000d5700000,0x00000000d5700000,0x00000000f3880000)
  from space 27648K, 81% used [0x00000000f3880000,0x00000000f4e931e0,0x00000000f5380000)
  to   space 30208K, 0% used [0x00000000fe280000,0x00000000fe280000,0x0000000100000000)
 ParOldGen       total 111104K, used 37302K [0x0000000080400000, 0x0000000087080000, 0x00000000d5700000)
  object space 111104K, 33% used [0x0000000080400000,0x000000008286da58,0x0000000087080000)
 Metaspace       used 58361K, capacity 60802K, committed 61056K, reserved 1101824K
  class space    used 7633K, capacity 8049K, committed 8064K, reserved 1048576K
}

Deoptimization events (10 events):
Event: 19.906 Thread 0x0000000003282000 Uncommon trap: reason=unhandled action=none pc=0x0000000003906fbc method=java.net.URLClassLoader.findClass(Ljava/lang/String;)Ljava/lang/Class; @ 44
Event: 19.907 Thread 0x0000000003282000 Uncommon trap: reason=unhandled action=none pc=0x0000000003906fbc method=java.net.URLClassLoader.findClass(Ljava/lang/String;)Ljava/lang/Class; @ 44
Event: 19.908 Thread 0x0000000003282000 Uncommon trap: reason=unhandled action=none pc=0x0000000003906fbc method=java.net.URLClassLoader.findClass(Ljava/lang/String;)Ljava/lang/Class; @ 44
Event: 19.908 Thread 0x0000000003282000 Uncommon trap: reason=unhandled action=none pc=0x0000000003906fbc method=java.net.URLClassLoader.findClass(Ljava/lang/String;)Ljava/lang/Class; @ 44
Event: 19.911 Thread 0x0000000003282000 Uncommon trap: reason=bimorphic action=maybe_recompile pc=0x0000000003b68714 method=java.util.Hashtable.get(Ljava/lang/Object;)Ljava/lang/Object; @ 6
Event: 19.912 Thread 0x0000000003282000 Uncommon trap: reason=bimorphic action=maybe_recompile pc=0x0000000003b68714 method=java.util.Hashtable.get(Ljava/lang/Object;)Ljava/lang/Object; @ 6
Event: 19.917 Thread 0x0000000003282000 Uncommon trap: reason=unhandled action=none pc=0x0000000003906fbc method=java.net.URLClassLoader.findClass(Ljava/lang/String;)Ljava/lang/Class; @ 44
Event: 19.918 Thread 0x0000000003282000 Uncommon trap: reason=unhandled action=none pc=0x0000000003906fbc method=java.net.URLClassLoader.findClass(Ljava/lang/String;)Ljava/lang/Class; @ 44
Event: 19.921 Thread 0x0000000003282000 Uncommon trap: reason=unhandled action=none pc=0x0000000003906fbc method=java.net.URLClassLoader.findClass(Ljava/lang/String;)Ljava/lang/Class; @ 44
Event: 19.922 Thread 0x0000000003282000 Uncommon trap: reason=unhandled action=none pc=0x0000000003906fbc method=java.net.URLClassLoader.findClass(Ljava/lang/String;)Ljava/lang/Class; @ 44

Classes redefined (0 events):
No events

Internal exceptions (10 events):
Event: 19.368 Thread 0x0000000003282000 Exception <a 'java/lang/ArrayIndexOutOfBoundsException': 44> (0x00000000e133af98) thrown at [C:\re\workspace\8-2-build-windows-amd64-cygwin\jdk8u191\11896\hotspot\src\share\vm\interpreter\interpreterRuntime.cpp, line 366]
Event: 19.369 Thread 0x0000000003282000 Exception <a 'java/lang/ArrayIndexOutOfBoundsException': 44> (0x00000000e1349d10) thrown at [C:\re\workspace\8-2-build-windows-amd64-cygwin\jdk8u191\11896\hotspot\src\share\vm\interpreter\interpreterRuntime.cpp, line 366]
Event: 19.370 Thread 0x0000000003282000 Exception <a 'java/lang/ArrayIndexOutOfBoundsException': 44> (0x00000000e13520b0) thrown at [C:\re\workspace\8-2-build-windows-amd64-cygwin\jdk8u191\11896\hotspot\src\share\vm\interpreter\interpreterRuntime.cpp, line 366]
Event: 19.370 Thread 0x0000000003282000 Exception <a 'java/lang/ArrayIndexOutOfBoundsException': 44> (0x00000000e135cca0) thrown at [C:\re\workspace\8-2-build-windows-amd64-cygwin\jdk8u191\11896\hotspot\src\share\vm\interpreter\interpreterRuntime.cpp, line 366]
Event: 19.371 Thread 0x0000000003282000 Exception <a 'java/lang/ArrayIndexOutOfBoundsException': 44> (0x00000000e1367728) thrown at [C:\re\workspace\8-2-build-windows-amd64-cygwin\jdk8u191\11896\hotspot\src\share\vm\interpreter\interpreterRuntime.cpp, line 366]
Event: 19.371 Thread 0x0000000003282000 Exception <a 'java/lang/ArrayIndexOutOfBoundsException': 44> (0x00000000e1370c78) thrown at [C:\re\workspace\8-2-build-windows-amd64-cygwin\jdk8u191\11896\hotspot\src\share\vm\interpreter\interpreterRuntime.cpp, line 366]
Event: 19.372 Thread 0x0000000003282000 Exception <a 'java/lang/ArrayIndexOutOfBoundsException': 44> (0x00000000e1381538) thrown at [C:\re\workspace\8-2-build-windows-amd64-cygwin\jdk8u191\11896\hotspot\src\share\vm\interpreter\interpreterRuntime.cpp, line 366]
Event: 19.373 Thread 0x0000000003282000 Exception <a 'java/lang/ArrayIndexOutOfBoundsException': 44> (0x00000000e138d710) thrown at [C:\re\workspace\8-2-build-windows-amd64-cygwin\jdk8u191\11896\hotspot\src\share\vm\interpreter\interpreterRuntime.cpp, line 366]
Event: 19.373 Thread 0x0000000003282000 Exception <a 'java/lang/ArrayIndexOutOfBoundsException': 44> (0x00000000e139b3c8) thrown at [C:\re\workspace\8-2-build-windows-amd64-cygwin\jdk8u191\11896\hotspot\src\share\vm\interpreter\interpreterRuntime.cpp, line 366]
Event: 19.374 Thread 0x0000000003282000 Exception <a 'java/lang/ArrayIndexOutOfBoundsException': 44> (0x00000000e13a8080) thrown at [C:\re\workspace\8-2-build-windows-amd64-cygwin\jdk8u191\11896\hotspot\src\share\vm\interpreter\interpreterRuntime.cpp, line 366]

Events (10 events):
Event: 19.921 Thread 0x0000000003282000 DEOPT UNPACKING pc=0x00000000035a7490 sp=0x00000000031ee100 mode 1
Event: 19.922 loading class org/springframework/boot/CommandLineRunner
Event: 19.922 loading class org/springframework/boot/CommandLineRunner done
Event: 19.922 Thread 0x0000000003282000 Uncommon trap: trap_request=0xffffffa7 fr.pc=0x0000000003906fbc
Event: 19.922 Thread 0x0000000003282000 DEOPT PACKING pc=0x0000000003906fbc sp=0x00000000031ee400
Event: 19.922 Thread 0x0000000003282000 DEOPT UNPACKING pc=0x00000000035a583b sp=0x00000000031ee398 mode 2
Event: 19.922 Thread 0x0000000003282000 DEOPT PACKING pc=0x00000000040043f8 sp=0x00000000031ee440
Event: 19.922 Thread 0x0000000003282000 DEOPT UNPACKING pc=0x00000000035a7490 sp=0x00000000031ee100 mode 1
Event: 19.924 Thread 0x0000000003282000 Thread exited: 0x0000000003282000
Event: 19.924 Thread 0x0000000027ffb800 Thread added: 0x0000000027ffb800


Dynamic libraries:
0x00007ff6c2f50000 - 0x00007ff6c2f87000 	E:\java\jdk\bin\javaw.exe
0x00007ffced040000 - 0x00007ffced22d000 	C:\WINDOWS\SYSTEM32\ntdll.dll
0x00007ffcec800000 - 0x00007ffcec8b3000 	C:\WINDOWS\System32\KERNEL32.DLL
0x00007ffce9230000 - 0x00007ffce94c3000 	C:\WINDOWS\System32\KERNELBASE.dll
0x00007ffcec950000 - 0x00007ffcec9f3000 	C:\WINDOWS\System32\ADVAPI32.dll
0x00007ffceace0000 - 0x00007ffcead7e000 	C:\WINDOWS\System32\msvcrt.dll
0x00007ffcecef0000 - 0x00007ffcecf8e000 	C:\WINDOWS\System32\sechost.dll
0x00007ffcec620000 - 0x00007ffcec742000 	C:\WINDOWS\System32\RPCRT4.dll
0x00007ffceab40000 - 0x00007ffceacd7000 	C:\WINDOWS\System32\USER32.dll
0x00007ffce9190000 - 0x00007ffce91b0000 	C:\WINDOWS\System32\win32u.dll
0x00007ffcec8c0000 - 0x00007ffcec8e9000 	C:\WINDOWS\System32\GDI32.dll
0x00007ffce97d0000 - 0x00007ffce9969000 	C:\WINDOWS\System32\gdi32full.dll
0x00007ffce9b00000 - 0x00007ffce9ba0000 	C:\WINDOWS\System32\msvcp_win.dll
0x00007ffce96d0000 - 0x00007ffce97ca000 	C:\WINDOWS\System32\ucrtbase.dll
0x00007ffcdbe60000 - 0x00007ffcdc0d9000 	C:\WINDOWS\WinSxS\amd64_microsoft.windows.common-controls_6595b64144ccf1df_6.0.17763.652_none_05b13fdc0722da13\COMCTL32.dll
0x00007ffcea3e0000 - 0x00007ffcea70c000 	C:\WINDOWS\System32\combase.dll
0x00007ffce91b0000 - 0x00007ffce922e000 	C:\WINDOWS\System32\bcryptPrimitives.dll
0x00007ffcea2f0000 - 0x00007ffcea31e000 	C:\WINDOWS\System32\IMM32.DLL
0x0000000051130000 - 0x0000000051202000 	E:\java\jdk\jre\bin\msvcr100.dll
0x0000000051600000 - 0x0000000051ea4000 	E:\java\jdk\jre\bin\server\jvm.dll
0x00007ffceca00000 - 0x00007ffceca08000 	C:\WINDOWS\System32\PSAPI.DLL
0x00007ffce4920000 - 0x00007ffce492a000 	C:\WINDOWS\SYSTEM32\VERSION.dll
0x00007ffce59a0000 - 0x00007ffce59a9000 	C:\WINDOWS\SYSTEM32\WSOCK32.dll
0x00007ffce1fd0000 - 0x00007ffce1ff4000 	C:\WINDOWS\SYSTEM32\WINMM.dll
0x00007ffcea720000 - 0x00007ffcea78d000 	C:\WINDOWS\System32\WS2_32.dll
0x00007ffce1fa0000 - 0x00007ffce1fcd000 	C:\WINDOWS\SYSTEM32\winmmbase.dll
0x00007ffce9ab0000 - 0x00007ffce9afa000 	C:\WINDOWS\System32\cfgmgr32.dll
0x00000000561b0000 - 0x00000000561bf000 	E:\java\jdk\jre\bin\verify.dll
0x0000000056180000 - 0x00000000561a9000 	E:\java\jdk\jre\bin\java.dll
0x0000000050ca0000 - 0x0000000050cd5000 	E:\java\jdk\jre\bin\jdwp.dll
0x0000000051120000 - 0x0000000051128000 	E:\java\jdk\jre\bin\npt.dll
0x0000000056150000 - 0x0000000056173000 	E:\java\jdk\jre\bin\instrument.dll
0x0000000051500000 - 0x0000000051516000 	E:\java\jdk\jre\bin\zip.dll
0x00007ffceaef0000 - 0x00007ffcec3e0000 	C:\WINDOWS\System32\SHELL32.dll
0x00007ffcec750000 - 0x00007ffcec7f8000 	C:\WINDOWS\System32\shcore.dll
0x00007ffce9ba0000 - 0x00007ffcea2ea000 	C:\WINDOWS\System32\windows.storage.dll
0x00007ffce9160000 - 0x00007ffce9184000 	C:\WINDOWS\System32\profapi.dll
0x00007ffce9100000 - 0x00007ffce915d000 	C:\WINDOWS\System32\powrprof.dll
0x00007ffcea320000 - 0x00007ffcea372000 	C:\WINDOWS\System32\shlwapi.dll
0x00007ffce90c0000 - 0x00007ffce90d1000 	C:\WINDOWS\System32\kernel.appcore.dll
0x00007ffce94d0000 - 0x00007ffce94e7000 	C:\WINDOWS\System32\cryptsp.dll
0x0000000050c90000 - 0x0000000050c99000 	E:\java\jdk\jre\bin\dt_socket.dll
0x00007ffcda560000 - 0x00007ffcda576000 	C:\WINDOWS\system32\napinsp.dll
0x00007ffcda540000 - 0x00007ffcda55a000 	C:\WINDOWS\system32\pnrpnsp.dll
0x00007ffce88a0000 - 0x00007ffce8907000 	C:\WINDOWS\System32\mswsock.dll
0x00007ffce8600000 - 0x00007ffce86c6000 	C:\WINDOWS\SYSTEM32\DNSAPI.dll
0x00007ffcec610000 - 0x00007ffcec618000 	C:\WINDOWS\System32\NSI.dll
0x00007ffce85c0000 - 0x00007ffce85fd000 	C:\WINDOWS\SYSTEM32\IPHLPAPI.DLL
0x00007ffcda440000 - 0x00007ffcda44e000 	C:\WINDOWS\System32\winrnr.dll
0x00007ffce5dd0000 - 0x00007ffce5deb000 	C:\WINDOWS\system32\NLAapi.dll
0x00007ffcda3f0000 - 0x00007ffcda405000 	C:\WINDOWS\system32\wshbth.dll
0x00007ffce2fa0000 - 0x00007ffce3019000 	C:\WINDOWS\System32\fwpuclnt.dll
0x00007ffce9a20000 - 0x00007ffce9a46000 	C:\WINDOWS\System32\bcrypt.dll
0x00007ffce2da0000 - 0x00007ffce2daa000 	C:\Windows\System32\rasadhlp.dll
0x0000000050c80000 - 0x0000000050c8d000 	E:\java\jdk\jre\bin\management.dll
0x00000000514e0000 - 0x00000000514fa000 	E:\java\jdk\jre\bin\net.dll
0x00000000514c0000 - 0x00000000514d1000 	E:\java\jdk\jre\bin\nio.dll
0x00007ffce8420000 - 0x00007ffce8453000 	C:\WINDOWS\system32\rsaenh.dll
0x00007ffce8fc0000 - 0x00007ffce8fe8000 	C:\WINDOWS\SYSTEM32\USERENV.dll
0x00007ffce8a70000 - 0x00007ffce8a7c000 	C:\WINDOWS\SYSTEM32\CRYPTBASE.dll
0x00007ffce45a0000 - 0x00007ffce45b6000 	C:\WINDOWS\SYSTEM32\dhcpcsvc6.DLL
0x00007ffce4580000 - 0x00007ffce459c000 	C:\WINDOWS\SYSTEM32\dhcpcsvc.DLL

VM Arguments:
jvm_args: -agentlib:jdwp=transport=dt_socket,suspend=y,address=localhost:58013 -javaagent:E:\IDE\eclipse64\configuration\org.eclipse.osgi\1216\0\.cp\lib\javaagent-shaded.jar -Dfile.encoding=UTF-8 
java_command: com.PracticeApplication
java_class_path (initial): E:\java\jdk\jre\lib\resources.jar;E:\java\jdk\jre\lib\rt.jar;E:\java\jdk\jre\lib\jsse.jar;E:\java\jdk\jre\lib\jce.jar;E:\java\jdk\jre\lib\charsets.jar;E:\java\jdk\jre\lib\jfr.jar;E:\java\jdk\jre\lib\ext\access-bridge-64.jar;E:\java\jdk\jre\lib\ext\cldrdata.jar;E:\java\jdk\jre\lib\ext\dnsns.jar;E:\java\jdk\jre\lib\ext\jaccess.jar;E:\java\jdk\jre\lib\ext\jfxrt.jar;E:\java\jdk\jre\lib\ext\localedata.jar;E:\java\jdk\jre\lib\ext\nashorn.jar;E:\java\jdk\jre\lib\ext\sunec.jar;E:\java\jdk\jre\lib\ext\sunjce_provider.jar;E:\java\jdk\jre\lib\ext\sunmscapi.jar;E:\java\jdk\jre\lib\ext\sunpkcs11.jar;E:\java\jdk\jre\lib\ext\zipfs.jar;E:\eclipseworkspace64\practice\target\classes;E:\maven\maven-repository\org\springframework\boot\spring-boot-starter\2.0.3.RELEASE\spring-boot-starter-2.0.3.RELEASE.jar;E:\maven\maven-repository\org\springframework\boot\spring-boot\2.0.3.RELEASE\spring-boot-2.0.3.RELEASE.jar;E:\maven\maven-repository\org\springframework\spring-context\5.0.7.RELEASE\spring-context-5.0.7.RELEASE.jar;E:\maven\maven-repository\org\springframework\boot\spring-boot-autoconfigure\2.0.3.RELEASE\spring-boot-autoconfigure-2.0.3.RELEASE.jar;E:\maven\maven-repository\org\springframework\boot\spring-boot-starter-logging\2.0.3.RELEASE\spring-boot-starter-logging-2.0.3.RELEASE.jar;E:\maven\maven-repository\ch\qos\logback\logback-classic\1.2.3\logback-classic-1.2.3.jar;E:\maven\maven-repository\ch\qos\logback\logback-core\1.2.3\logback-core-1.2.3.jar;E:\maven\maven-repository\org\apache\logging\log4j\log4j-to-slf4j\2.10.0\log4j-to-slf4j-2.10.0.jar;E:\maven\maven-repository\org\apache\logging\log4j\log4j-api\2.10.0\log4j-api-2.10.0.jar;E:\maven\maven-repository\org\slf4j\jul-to-slf4j\1.7.25\jul-to-slf4j-1.7.25.jar;E:\maven\maven-repository\javax\annotation\javax.annotation-api\1.3.2\javax.annotation-api-1.3.2.jar;E:\maven\maven-repository\org\springframework\spring-core\5.0.7.RELEASE\spring-core-5.0.7.RELEASE.jar;E:\maven\maven-repository\org\springframew
Launcher Type: SUN_STANDARD

Environment Variables:
JAVA_HOME=E:\java\jdk
CLASSPATH= ;E:\java\jdk\lib;E:\java\jdk\lib\tools.jar
PATH=E:/java/jdk/jre/bin/server;E:/java/jdk/jre/bin;E:/java/jdk/jre/lib/amd64;E:\Xshell 6\;C:\Program Files (x86)\Common Files\Oracle\Java\javapath;C:\WINDOWS\system32;C:\WINDOWS;C:\WINDOWS\System32\Wbem;C:\WINDOWS\System32\WindowsPowerShell\v1.0\;E:\Program Files\VisualSVN Server\bin;E:\Program Files\TortoiseSVN\bin;E:\java\jdk\lib;E:\java\jdk\jre\bin;E:\Git\cmd;E:\TortoiseGit\bin;E:\Redis\;E:\maven\apache-maven-3.3.9\bin;C:\Program Files\MySQL\MySQL Server 5.7\bin;E:\apache-tomcat-8.5.40\lib;E:\apache-tomcat-8.5.40\bin;E:\nodejs\;C:\WINDOWS\System32\OpenSSH\;E:\erl10.3\bin;C:\Users\user\AppData\Local\Programs\Python\Python37\Scripts\;C:\Users\user\AppData\Local\Programs\Python\Python37\;C:\Users\user\AppData\Roaming\npm;C:\Users\user\AppData\Local\Microsoft\WindowsApps;;E:\IDE\eclipse64;
USERNAME=user
OS=Windows_NT
PROCESSOR_IDENTIFIER=AMD64 Family 21 Model 2 Stepping 0, AuthenticAMD



---------------  S Y S T E M  ---------------

OS: Windows 10.0 , 64 bit Build 17763 (10.0.17763.475)

CPU:total 8 (initial active 8) (8 cores per cpu, 1 threads per core) family 21 model 2 stepping 0, cmov, cx8, fxsr, mmx, sse, sse2, sse3, ssse3, sse4.1, sse4.2, popcnt, avx, aes, clmul, mmxext, 3dnowpref, lzcnt, sse4a, tsc, tscinvbit, tscinv, bmi1

Memory: 4k page, physical 8371216k(1331572k free), swap 14811452k(5424k free)

vm_info: Java HotSpot(TM) 64-Bit Server VM (25.191-b12) for windows-amd64 JRE (1.8.0_191-b12), built on Oct  6 2018 09:29:03 by "java_re" with MS VC++ 10.0 (VS2010)

time: Wed Oct 16 15:50:30 2019
elapsed time: 20 seconds (0d 0h 0m 20s)

