#
# There is insufficient memory for the Java Runtime Environment to continue.
# Native memory allocation (malloc) failed to allocate 1064816 bytes for Chunk::new
# Possible reasons:
#   The system is out of physical RAM or swap space
#   In 32 bit mode, the process size limit was hit
# Possible solutions:
#   Reduce memory load on the system
#   Increase physical memory or swap space
#   Check if swap backing store is full
#   Use 64 bit Java on a 64 bit OS
#   Decrease Java heap size (-Xmx/-Xms)
#   Decrease number of Java threads
#   Decrease Java thread stack sizes (-Xss)
#   Set larger code cache with -XX:ReservedCodeCacheSize=
# This output file may be truncated or incomplete.
#
#  Out of Memory Error (allocation.cpp:390), pid=25264, tid=0x0000000000001924
#
# JRE version: Java(TM) SE Runtime Environment (8.0_191-b12) (build 1.8.0_191-b12)
# Java VM: Java HotSpot(TM) 64-Bit Server VM (25.191-b12 mixed mode windows-amd64 compressed oops)
# Failed to write core dump. Minidumps are not enabled by default on client versions of Windows
#

---------------  T H R E A D  ---------------

Current thread (0x0000000019c43000):  JavaThread "C2 CompilerThread2" daemon [_thread_in_native, id=6436, stack(0x000000001a590000,0x000000001a690000)]

Stack: [0x000000001a590000,0x000000001a690000]
[error occurred during error reporting (printing stack bounds), id 0xc0000005]

Native frames: (J=compiled Java code, j=interpreted, Vv=VM code, C=native code)


Current CompileTask:
C2:   4067 2359       4       org.springframework.asm.ClassReader::accept (1257 bytes)


---------------  P R O C E S S  ---------------

Java Threads: ( => current thread )
  0x0000000019ccd000 JavaThread "Service Thread" daemon [_thread_blocked, id=33460, stack(0x000000001a790000,0x000000001a890000)]
  0x0000000019c64800 JavaThread "C1 CompilerThread3" daemon [_thread_blocked, id=37764, stack(0x000000001a690000,0x000000001a790000)]
=>0x0000000019c43000 JavaThread "C2 CompilerThread2" daemon [_thread_in_native, id=6436, stack(0x000000001a590000,0x000000001a690000)]
  0x0000000019c28000 JavaThread "C2 CompilerThread1" daemon [_thread_in_native, id=34548, stack(0x000000001a490000,0x000000001a590000)]
  0x0000000019c25000 JavaThread "C2 CompilerThread0" daemon [_thread_in_native, id=28868, stack(0x000000001a390000,0x000000001a490000)]
  0x0000000019c23800 JavaThread "Attach Listener" daemon [_thread_blocked, id=40948, stack(0x000000001a290000,0x000000001a390000)]
  0x0000000019bcd000 JavaThread "Signal Dispatcher" daemon [_thread_blocked, id=31620, stack(0x000000001a190000,0x000000001a290000)]
  0x0000000019bb1000 JavaThread "Finalizer" daemon [_thread_blocked, id=47684, stack(0x000000001a090000,0x000000001a190000)]
  0x0000000017dbd800 JavaThread "Reference Handler" daemon [_thread_blocked, id=13244, stack(0x0000000019f90000,0x000000001a090000)]
  0x0000000002c86000 JavaThread "main" [_thread_in_native, id=28088, stack(0x0000000002b80000,0x0000000002c80000)]

Other Threads:
  0x0000000017db8800 VMThread [stack: 0x0000000019a90000,0x0000000019b90000] [id=31316]
  0x0000000019d1e800 WatcherThread [stack: 0x000000001a890000,0x000000001a990000] [id=41644]

VM state:not at safepoint (normal execution)

VM Mutex/Monitor currently owned by a thread: None

Heap:
 PSYoungGen      total 71680K, used 57315K [0x00000000d5700000, 0x00000000da200000, 0x0000000100000000)
  eden space 66560K, 78% used [0x00000000d5700000,0x00000000d8a00a78,0x00000000d9800000)
  from space 5120K, 99% used [0x00000000d9d00000,0x00000000da1f8190,0x00000000da200000)
  to   space 5120K, 0% used [0x00000000d9800000,0x00000000d9800000,0x00000000d9d00000)
 ParOldGen       total 56320K, used 37494K [0x0000000080400000, 0x0000000083b00000, 0x00000000d5700000)
  object space 56320K, 66% used [0x0000000080400000,0x000000008289d890,0x0000000083b00000)
 Metaspace       used 23524K, capacity 24140K, committed 24320K, reserved 1071104K
  class space    used 3026K, capacity 3218K, committed 3328K, reserved 1048576K

Card table byte_map: [0x0000000012140000,0x0000000012540000] byte_map_base: 0x0000000011d3e000

Marking Bits: (ParMarkBitMap*) 0x0000000051e23e30
 Begin Bits: [0x0000000012ff0000, 0x0000000014fe0000)
 End Bits:   [0x0000000014fe0000, 0x0000000016fd0000)

Polling page: 0x0000000000920000

CodeCache: size=245760Kb used=9122Kb max_used=9122Kb free=236637Kb
 bounds [0x0000000002d80000, 0x0000000003680000, 0x0000000011d80000]
 total_blobs=2736 nmethods=2345 adapters=304
 compilation: enabled

Compilation events (10 events):
Event: 3.944 Thread 0x0000000019c43000 nmethod 2358 0x0000000003668910 code [0x0000000003668a80, 0x0000000003668ff8]
Event: 3.944 Thread 0x0000000019c43000 2359       4       org.springframework.asm.ClassReader::accept (1257 bytes)
Event: 3.971 Thread 0x0000000019c64800 2362   !   3       org.springframework.core.annotation.AnnotationUtils::retrieveAnnotationAttributes (181 bytes)
Event: 3.973 Thread 0x0000000019c64800 nmethod 2362 0x000000000366b190 code [0x000000000366b540, 0x000000000366d898]
Event: 3.973 Thread 0x0000000019c64800 2363       3       org.springframework.core.annotation.AnnotationUtils::postProcessAnnotationAttributes (150 bytes)
Event: 3.975 Thread 0x0000000019c64800 nmethod 2363 0x000000000366ec90 code [0x000000000366efe0, 0x0000000003670cc8]
Event: 3.988 Thread 0x0000000019c64800 2364       3       org.springframework.core.type.classreading.RecursiveAnnotationArrayVisitor::visit (114 bytes)
Event: 3.990 Thread 0x0000000019c64800 nmethod 2364 0x0000000003671cd0 code [0x0000000003671f60, 0x0000000003673318]
Event: 4.023 Thread 0x0000000019c64800 2366       3       org.springframework.asm.FieldVisitor::visitTypeAnnotation (22 bytes)
Event: 4.024 Thread 0x0000000019c64800 nmethod 2366 0x0000000003668450 code [0x00000000036685c0, 0x0000000003668828]

GC Heap History (10 events):
Event: 1.835 GC heap before
{Heap before GC invocations=5 (full 0):
 PSYoungGen      total 71680K, used 48044K [0x00000000d5700000, 0x00000000da200000, 0x0000000100000000)
  eden space 66560K, 64% used [0x00000000d5700000,0x00000000d80ed2d0,0x00000000d9800000)
  from space 5120K, 99% used [0x00000000d9d00000,0x00000000da1fe010,0x00000000da200000)
  to   space 5120K, 0% used [0x00000000d9800000,0x00000000d9800000,0x00000000d9d00000)
 ParOldGen       total 87552K, used 7432K [0x0000000080400000, 0x0000000085980000, 0x00000000d5700000)
  object space 87552K, 8% used [0x0000000080400000,0x0000000080b42050,0x0000000085980000)
 Metaspace       used 20536K, capacity 21104K, committed 21248K, reserved 1067008K
  class space    used 2644K, capacity 2810K, committed 2816K, reserved 1048576K
Event: 1.852 GC heap after
Heap after GC invocations=5 (full 0):
 PSYoungGen      total 71680K, used 5112K [0x00000000d5700000, 0x00000000da200000, 0x0000000100000000)
  eden space 66560K, 0% used [0x00000000d5700000,0x00000000d5700000,0x00000000d9800000)
  from space 5120K, 99% used [0x00000000d9800000,0x00000000d9cfe040,0x00000000d9d00000)
  to   space 5120K, 0% used [0x00000000d9d00000,0x00000000d9d00000,0x00000000da200000)
 ParOldGen       total 87552K, used 10909K [0x0000000080400000, 0x0000000085980000, 0x00000000d5700000)
  object space 87552K, 12% used [0x0000000080400000,0x0000000080ea7488,0x0000000085980000)
 Metaspace       used 20536K, capacity 21104K, committed 21248K, reserved 1067008K
  class space    used 2644K, capacity 2810K, committed 2816K, reserved 1048576K
}
Event: 1.852 GC heap before
{Heap before GC invocations=6 (full 1):
 PSYoungGen      total 71680K, used 5112K [0x00000000d5700000, 0x00000000da200000, 0x0000000100000000)
  eden space 66560K, 0% used [0x00000000d5700000,0x00000000d5700000,0x00000000d9800000)
  from space 5120K, 99% used [0x00000000d9800000,0x00000000d9cfe040,0x00000000d9d00000)
  to   space 5120K, 0% used [0x00000000d9d00000,0x00000000d9d00000,0x00000000da200000)
 ParOldGen       total 87552K, used 10909K [0x0000000080400000, 0x0000000085980000, 0x00000000d5700000)
  object space 87552K, 12% used [0x0000000080400000,0x0000000080ea7488,0x0000000085980000)
 Metaspace       used 20536K, capacity 21104K, committed 21248K, reserved 1067008K
  class space    used 2644K, capacity 2810K, committed 2816K, reserved 1048576K
Event: 1.899 GC heap after
Heap after GC invocations=6 (full 1):
 PSYoungGen      total 71680K, used 0K [0x00000000d5700000, 0x00000000da200000, 0x0000000100000000)
  eden space 66560K, 0% used [0x00000000d5700000,0x00000000d5700000,0x00000000d9800000)
  from space 5120K, 0% used [0x00000000d9800000,0x00000000d9800000,0x00000000d9d00000)
  to   space 5120K, 0% used [0x00000000d9d00000,0x00000000d9d00000,0x00000000da200000)
 ParOldGen       total 56320K, used 9754K [0x0000000080400000, 0x0000000083b00000, 0x00000000d5700000)
  object space 56320K, 17% used [0x0000000080400000,0x0000000080d869e0,0x0000000083b00000)
 Metaspace       used 20536K, capacity 21104K, committed 21248K, reserved 1067008K
  class space    used 2644K, capacity 2810K, committed 2816K, reserved 1048576K
}
Event: 2.652 GC heap before
{Heap before GC invocations=7 (full 1):
 PSYoungGen      total 71680K, used 66560K [0x00000000d5700000, 0x00000000da200000, 0x0000000100000000)
  eden space 66560K, 100% used [0x00000000d5700000,0x00000000d9800000,0x00000000d9800000)
  from space 5120K, 0% used [0x00000000d9800000,0x00000000d9800000,0x00000000d9d00000)
  to   space 5120K, 0% used [0x00000000d9d00000,0x00000000d9d00000,0x00000000da200000)
 ParOldGen       total 56320K, used 9754K [0x0000000080400000, 0x0000000083b00000, 0x00000000d5700000)
  object space 56320K, 17% used [0x0000000080400000,0x0000000080d869e0,0x0000000083b00000)
 Metaspace       used 23390K, capacity 24032K, committed 24192K, reserved 1071104K
  class space    used 3004K, capacity 3186K, committed 3200K, reserved 1048576K
Event: 2.672 GC heap after
Heap after GC invocations=7 (full 1):
 PSYoungGen      total 71680K, used 5107K [0x00000000d5700000, 0x00000000da200000, 0x0000000100000000)
  eden space 66560K, 0% used [0x00000000d5700000,0x00000000d5700000,0x00000000d9800000)
  from space 5120K, 99% used [0x00000000d9d00000,0x00000000da1fcfb0,0x00000000da200000)
  to   space 5120K, 0% used [0x00000000d9800000,0x00000000d9800000,0x00000000d9d00000)
 ParOldGen       total 56320K, used 16926K [0x0000000080400000, 0x0000000083b00000, 0x00000000d5700000)
  object space 56320K, 30% used [0x0000000080400000,0x0000000081487b38,0x0000000083b00000)
 Metaspace       used 23390K, capacity 24032K, committed 24192K, reserved 1071104K
  class space    used 3004K, capacity 3186K, committed 3200K, reserved 1048576K
}
Event: 3.214 GC heap before
{Heap before GC invocations=8 (full 1):
 PSYoungGen      total 71680K, used 71667K [0x00000000d5700000, 0x00000000da200000, 0x0000000100000000)
  eden space 66560K, 100% used [0x00000000d5700000,0x00000000d9800000,0x00000000d9800000)
  from space 5120K, 99% used [0x00000000d9d00000,0x00000000da1fcfb0,0x00000000da200000)
  to   space 5120K, 0% used [0x00000000d9800000,0x00000000d9800000,0x00000000d9d00000)
 ParOldGen       total 56320K, used 16926K [0x0000000080400000, 0x0000000083b00000, 0x00000000d5700000)
  object space 56320K, 30% used [0x0000000080400000,0x0000000081487b38,0x0000000083b00000)
 Metaspace       used 23427K, capacity 24044K, committed 24192K, reserved 1071104K
  class space    used 3008K, capacity 3186K, committed 3200K, reserved 1048576K
Event: 3.237 GC heap after
Heap after GC invocations=8 (full 1):
 PSYoungGen      total 71680K, used 5107K [0x00000000d5700000, 0x00000000da200000, 0x0000000100000000)
  eden space 66560K, 0% used [0x00000000d5700000,0x00000000d5700000,0x00000000d9800000)
  from space 5120K, 99% used [0x00000000d9800000,0x00000000d9cfcfb0,0x00000000d9d00000)
  to   space 5120K, 0% used [0x00000000d9d00000,0x00000000d9d00000,0x00000000da200000)
 ParOldGen       total 56320K, used 27768K [0x0000000080400000, 0x0000000083b00000, 0x00000000d5700000)
  object space 56320K, 49% used [0x0000000080400000,0x0000000081f1e190,0x0000000083b00000)
 Metaspace       used 23427K, capacity 24044K, committed 24192K, reserved 1071104K
  class space    used 3008K, capacity 3186K, committed 3200K, reserved 1048576K
}
Event: 3.613 GC heap before
{Heap before GC invocations=9 (full 1):
 PSYoungGen      total 71680K, used 71667K [0x00000000d5700000, 0x00000000da200000, 0x0000000100000000)
  eden space 66560K, 100% used [0x00000000d5700000,0x00000000d9800000,0x00000000d9800000)
  from space 5120K, 99% used [0x00000000d9800000,0x00000000d9cfcfb0,0x00000000d9d00000)
  to   space 5120K, 0% used [0x00000000d9d00000,0x00000000d9d00000,0x00000000da200000)
 ParOldGen       total 56320K, used 27768K [0x0000000080400000, 0x0000000083b00000, 0x00000000d5700000)
  object space 56320K, 49% used [0x0000000080400000,0x0000000081f1e190,0x0000000083b00000)
 Metaspace       used 23484K, capacity 24140K, committed 24320K, reserved 1071104K
  class space    used 3020K, capacity 3218K, committed 3328K, reserved 1048576K
Event: 3.640 GC heap after
Heap after GC invocations=9 (full 1):
 PSYoungGen      total 71680K, used 5088K [0x00000000d5700000, 0x00000000da200000, 0x0000000100000000)
  eden space 66560K, 0% used [0x00000000d5700000,0x00000000d5700000,0x00000000d9800000)
  from space 5120K, 99% used [0x00000000d9d00000,0x00000000da1f8190,0x00000000da200000)
  to   space 5120K, 0% used [0x00000000d9800000,0x00000000d9800000,0x00000000d9d00000)
 ParOldGen       total 56320K, used 37494K [0x0000000080400000, 0x0000000083b00000, 0x00000000d5700000)
  object space 56320K, 66% used [0x0000000080400000,0x000000008289d890,0x0000000083b00000)
 Metaspace       used 23484K, capacity 24140K, committed 24320K, reserved 1071104K
  class space    used 3020K, capacity 3218K, committed 3328K, reserved 1048576K
}

Deoptimization events (10 events):
Event: 3.452 Thread 0x0000000002c86000 Uncommon trap: reason=unstable_if action=reinterpret pc=0x000000000357d79c method=org.springframework.context.annotation.ClassPathScanningCandidateComponentProvider.isCandidateComponent(Lorg/springframework/core/type/classreading/MetadataReader;)Z @ 88
Event: 3.579 Thread 0x0000000002c86000 Uncommon trap: reason=unstable_if action=reinterpret pc=0x0000000003572558 method=org.springframework.asm.ClassReader.readField(Lorg/springframework/asm/ClassVisitor;Lorg/springframework/asm/Context;I)I @ 196
Event: 3.653 Thread 0x0000000002c86000 Uncommon trap: reason=unstable_if action=reinterpret pc=0x00000000035c2dc4 method=org.springframework.asm.ClassReader.accept(Lorg/springframework/asm/ClassVisitor;[Lorg/springframework/asm/Attribute;I)V @ 859
Event: 3.707 Thread 0x0000000002c86000 Uncommon trap: reason=unstable_if action=reinterpret pc=0x00000000035050c4 method=org.springframework.asm.ClassReader.readCode(Lorg/springframework/asm/MethodVisitor;Lorg/springframework/asm/Context;I)V @ 965
Event: 3.801 Thread 0x0000000002c86000 Uncommon trap: reason=unstable_if action=reinterpret pc=0x0000000003653bc8 method=org.springframework.asm.ClassReader.readMethod(Lorg/springframework/asm/ClassVisitor;Lorg/springframework/asm/Context;I)I @ 339
Event: 3.857 Thread 0x0000000002c86000 Uncommon trap: reason=predicate action=maybe_recompile pc=0x00000000035f5fe4 method=java.util.AbstractCollection.toArray([Ljava/lang/Object;)[Ljava/lang/Object; @ 49
Event: 3.894 Thread 0x0000000002c86000 Uncommon trap: reason=array_check action=maybe_recompile pc=0x000000000364ba1c method=java.util.AbstractCollection.toArray([Ljava/lang/Object;)[Ljava/lang/Object; @ 119
Event: 3.894 Thread 0x0000000002c86000 Uncommon trap: reason=array_check action=maybe_recompile pc=0x000000000364ba1c method=java.util.AbstractCollection.toArray([Ljava/lang/Object;)[Ljava/lang/Object; @ 119
Event: 3.894 Thread 0x0000000002c86000 Uncommon trap: reason=array_check action=maybe_recompile pc=0x000000000364ba1c method=java.util.AbstractCollection.toArray([Ljava/lang/Object;)[Ljava/lang/Object; @ 119
Event: 3.894 Thread 0x0000000002c86000 Uncommon trap: reason=array_check action=maybe_recompile pc=0x000000000364ba1c method=java.util.AbstractCollection.toArray([Ljava/lang/Object;)[Ljava/lang/Object; @ 119

Classes redefined (0 events):
No events

Internal exceptions (10 events):
Event: 1.507 Thread 0x0000000002c86000 Exception <a 'java/lang/ClassNotFoundException': org/springframework/context/annotation/ConfigurationClassPostProcessorCustomizer> (0x00000000d6ffcdc8) thrown at [C:\re\workspace\8-2-build-windows-amd64-cygwin\jdk8u191\11896\hotspot\src\share\vm\classfile
Event: 1.513 Thread 0x0000000002c86000 Exception <a 'java/lang/ClassNotFoundException': org/springframework/beans/factory/support/BeanDefinitionRegistryPostProcessorCustomizer> (0x00000000d7135908) thrown at [C:\re\workspace\8-2-build-windows-amd64-cygwin\jdk8u191\11896\hotspot\src\share\vm\cl
Event: 1.514 Thread 0x0000000002c86000 Exception <a 'java/lang/ClassNotFoundException': org/springframework/core/PriorityOrderedCustomizer> (0x00000000d714fbf8) thrown at [C:\re\workspace\8-2-build-windows-amd64-cygwin\jdk8u191\11896\hotspot\src\share\vm\classfile\systemDictionary.cpp, line 21
Event: 1.514 Thread 0x0000000002c86000 Exception <a 'java/lang/ClassNotFoundException': org/springframework/context/ResourceLoaderAwareCustomizer> (0x00000000d71d73b0) thrown at [C:\re\workspace\8-2-build-windows-amd64-cygwin\jdk8u191\11896\hotspot\src\share\vm\classfile\systemDictionary.cpp, 
Event: 1.515 Thread 0x0000000002c86000 Exception <a 'java/lang/ClassNotFoundException': org/springframework/beans/factory/BeanClassLoaderAwareCustomizer> (0x00000000d71f7080) thrown at [C:\re\workspace\8-2-build-windows-amd64-cygwin\jdk8u191\11896\hotspot\src\share\vm\classfile\systemDictionar
Event: 1.515 Thread 0x0000000002c86000 Exception <a 'java/lang/ClassNotFoundException': org/springframework/context/EnvironmentAwareCustomizer> (0x00000000d7213228) thrown at [C:\re\workspace\8-2-build-windows-amd64-cygwin\jdk8u191\11896\hotspot\src\share\vm\classfile\systemDictionary.cpp, lin
Event: 1.521 Thread 0x0000000002c86000 Exception <a 'java/lang/NoClassDefFoundError': org/reactivestreams/Publisher> (0x00000000d72defe0) thrown at [C:\re\workspace\8-2-build-windows-amd64-cygwin\jdk8u191\11896\hotspot\src\share\vm\classfile\systemDictionary.cpp, line 199]
Event: 1.521 Thread 0x0000000002c86000 Exception <a 'java/lang/NoClassDefFoundError': rx/Observable> (0x00000000d72ec948) thrown at [C:\re\workspace\8-2-build-windows-amd64-cygwin\jdk8u191\11896\hotspot\src\share\vm\classfile\systemDictionary.cpp, line 199]
Event: 1.522 Thread 0x0000000002c86000 Exception <a 'java/lang/NoClassDefFoundError': org/reactivestreams/Publisher> (0x00000000d72fd6b0) thrown at [C:\re\workspace\8-2-build-windows-amd64-cygwin\jdk8u191\11896\hotspot\src\share\vm\classfile\systemDictionary.cpp, line 199]
Event: 1.764 Thread 0x000000001ba05000 Exception <a 'java/lang/IncompatibleClassChangeError': Found class java.lang.Object, but interface was expected> (0x00000000d60907f8) thrown at [C:\re\workspace\8-2-build-windows-amd64-cygwin\jdk8u191\11896\hotspot\src\share\vm\interpreter\linkResolver.cp

Events (10 events):
Event: 3.894 Thread 0x0000000002c86000 Uncommon trap: trap_request=0xffffffd6 fr.pc=0x000000000364ba1c
Event: 3.894 Thread 0x0000000002c86000 DEOPT PACKING pc=0x000000000364ba1c sp=0x0000000002c7de20
Event: 3.894 Thread 0x0000000002c86000 DEOPT UNPACKING pc=0x0000000002dc583b sp=0x0000000002c7dda8 mode 2
Event: 3.894 Thread 0x0000000002c86000 Uncommon trap: trap_request=0xffffffd6 fr.pc=0x000000000364ba1c
Event: 3.894 Thread 0x0000000002c86000 DEOPT PACKING pc=0x000000000364ba1c sp=0x0000000002c7de20
Event: 3.894 Thread 0x0000000002c86000 DEOPT UNPACKING pc=0x0000000002dc583b sp=0x0000000002c7dda8 mode 2
Event: 4.034 loading class com/google/errorprone/annotations/MustBeClosed
Event: 4.034 loading class com/google/errorprone/annotations/MustBeClosed done
Event: 4.056 Thread 0x0000000002c86000 DEOPT PACKING pc=0x0000000003631ae9 sp=0x0000000002c7dba0
Event: 4.056 Thread 0x0000000002c86000 DEOPT UNPACKING pc=0x0000000002dc7490 sp=0x0000000002c7dbe8 mode 0


Dynamic libraries:
0x00007ff6c2f50000 - 0x00007ff6c2f87000 	E:\java\jdk\bin\javaw.exe
0x00007ffced040000 - 0x00007ffced22d000 	C:\WINDOWS\SYSTEM32\ntdll.dll
0x00007ffcec800000 - 0x00007ffcec8b3000 	C:\WINDOWS\System32\KERNEL32.DLL
0x00007ffce9230000 - 0x00007ffce94c3000 	C:\WINDOWS\System32\KERNELBASE.dll
0x00007ffcec950000 - 0x00007ffcec9f3000 	C:\WINDOWS\System32\ADVAPI32.dll
0x00007ffceace0000 - 0x00007ffcead7e000 	C:\WINDOWS\System32\msvcrt.dll
0x00007ffcecef0000 - 0x00007ffcecf8e000 	C:\WINDOWS\System32\sechost.dll
0x00007ffcec620000 - 0x00007ffcec742000 	C:\WINDOWS\System32\RPCRT4.dll
0x00007ffceab40000 - 0x00007ffceacd7000 	C:\WINDOWS\System32\USER32.dll
0x00007ffce9190000 - 0x00007ffce91b0000 	C:\WINDOWS\System32\win32u.dll
0x00007ffcec8c0000 - 0x00007ffcec8e9000 	C:\WINDOWS\System32\GDI32.dll
0x00007ffce97d0000 - 0x00007ffce9969000 	C:\WINDOWS\System32\gdi32full.dll
0x00007ffce9b00000 - 0x00007ffce9ba0000 	C:\WINDOWS\System32\msvcp_win.dll
0x00007ffce96d0000 - 0x00007ffce97ca000 	C:\WINDOWS\System32\ucrtbase.dll
0x00007ffcdbe60000 - 0x00007ffcdc0d9000 	C:\WINDOWS\WinSxS\amd64_microsoft.windows.common-controls_6595b64144ccf1df_6.0.17763.652_none_05b13fdc0722da13\COMCTL32.dll
0x00007ffcea3e0000 - 0x00007ffcea70c000 	C:\WINDOWS\System32\combase.dll
0x00007ffce91b0000 - 0x00007ffce922e000 	C:\WINDOWS\System32\bcryptPrimitives.dll
0x00007ffcea2f0000 - 0x00007ffcea31e000 	C:\WINDOWS\System32\IMM32.DLL
0x0000000051130000 - 0x0000000051202000 	E:\java\jdk\jre\bin\msvcr100.dll
0x0000000051600000 - 0x0000000051ea4000 	E:\java\jdk\jre\bin\server\jvm.dll
0x00007ffceca00000 - 0x00007ffceca08000 	C:\WINDOWS\System32\PSAPI.DLL
0x00007ffce59a0000 - 0x00007ffce59a9000 	C:\WINDOWS\SYSTEM32\WSOCK32.dll
0x00007ffce4920000 - 0x00007ffce492a000 	C:\WINDOWS\SYSTEM32\VERSION.dll
0x00007ffce1fd0000 - 0x00007ffce1ff4000 	C:\WINDOWS\SYSTEM32\WINMM.dll
0x00007ffcea720000 - 0x00007ffcea78d000 	C:\WINDOWS\System32\WS2_32.dll
0x00007ffce1fa0000 - 0x00007ffce1fcd000 	C:\WINDOWS\SYSTEM32\winmmbase.dll
0x00007ffce9ab0000 - 0x00007ffce9afa000 	C:\WINDOWS\System32\cfgmgr32.dll
0x00000000561b0000 - 0x00000000561bf000 	E:\java\jdk\jre\bin\verify.dll
0x0000000056180000 - 0x00000000561a9000 	E:\java\jdk\jre\bin\java.dll
0x0000000051500000 - 0x0000000051516000 	E:\java\jdk\jre\bin\zip.dll
0x00007ffceaef0000 - 0x00007ffcec3e0000 	C:\WINDOWS\System32\SHELL32.dll
0x00007ffcec750000 - 0x00007ffcec7f8000 	C:\WINDOWS\System32\shcore.dll
0x00007ffce9ba0000 - 0x00007ffcea2ea000 	C:\WINDOWS\System32\windows.storage.dll
0x00007ffce9160000 - 0x00007ffce9184000 	C:\WINDOWS\System32\profapi.dll
0x00007ffce9100000 - 0x00007ffce915d000 	C:\WINDOWS\System32\powrprof.dll
0x00007ffcea320000 - 0x00007ffcea372000 	C:\WINDOWS\System32\shlwapi.dll
0x00007ffce90c0000 - 0x00007ffce90d1000 	C:\WINDOWS\System32\kernel.appcore.dll
0x00007ffce94d0000 - 0x00007ffce94e7000 	C:\WINDOWS\System32\cryptsp.dll
0x0000000051120000 - 0x000000005112d000 	E:\java\jdk\jre\bin\management.dll
0x00000000514e0000 - 0x00000000514fa000 	E:\java\jdk\jre\bin\net.dll
0x00007ffce88a0000 - 0x00007ffce8907000 	C:\WINDOWS\system32\mswsock.dll
0x00007ffcda560000 - 0x00007ffcda576000 	C:\WINDOWS\system32\napinsp.dll
0x00007ffcda540000 - 0x00007ffcda55a000 	C:\WINDOWS\system32\pnrpnsp.dll
0x00007ffce8600000 - 0x00007ffce86c6000 	C:\WINDOWS\SYSTEM32\DNSAPI.dll
0x00007ffcec610000 - 0x00007ffcec618000 	C:\WINDOWS\System32\NSI.dll
0x00007ffce85c0000 - 0x00007ffce85fd000 	C:\WINDOWS\SYSTEM32\IPHLPAPI.DLL
0x00007ffcda440000 - 0x00007ffcda44e000 	C:\WINDOWS\System32\winrnr.dll
0x00007ffce5dd0000 - 0x00007ffce5deb000 	C:\WINDOWS\system32\NLAapi.dll
0x00007ffcda3f0000 - 0x00007ffcda405000 	C:\WINDOWS\system32\wshbth.dll
0x00007ffce2da0000 - 0x00007ffce2daa000 	C:\Windows\System32\rasadhlp.dll
0x00007ffce2fa0000 - 0x00007ffce3019000 	C:\WINDOWS\System32\fwpuclnt.dll
0x00007ffce9a20000 - 0x00007ffce9a46000 	C:\WINDOWS\System32\bcrypt.dll
0x00000000514c0000 - 0x00000000514d1000 	E:\java\jdk\jre\bin\nio.dll

VM Arguments:
jvm_args: -Dfile.encoding=UTF-8 
java_command: com.PracticeApplication
java_class_path (initial): E:\java\jdk\jre\lib\resources.jar;E:\java\jdk\jre\lib\rt.jar;E:\java\jdk\jre\lib\jsse.jar;E:\java\jdk\jre\lib\jce.jar;E:\java\jdk\jre\lib\charsets.jar;E:\java\jdk\jre\lib\jfr.jar;E:\java\jdk\jre\lib\ext\access-bridge-64.jar;E:\java\jdk\jre\lib\ext\cldrdata.jar;E:\java\jdk\jre\lib\ext\dnsns.jar;E:\java\jdk\jre\lib\ext\jaccess.jar;E:\java\jdk\jre\lib\ext\jfxrt.jar;E:\java\jdk\jre\lib\ext\localedata.jar;E:\java\jdk\jre\lib\ext\nashorn.jar;E:\java\jdk\jre\lib\ext\sunec.jar;E:\java\jdk\jre\lib\ext\sunjce_provider.jar;E:\java\jdk\jre\lib\ext\sunmscapi.jar;E:\java\jdk\jre\lib\ext\sunpkcs11.jar;E:\java\jdk\jre\lib\ext\zipfs.jar;E:\eclipseworkspace64\practice\target\classes;E:\maven\maven-repository\org\springframework\boot\spring-boot-starter\2.0.3.RELEASE\spring-boot-starter-2.0.3.RELEASE.jar;E:\maven\maven-repository\org\springframework\boot\spring-boot\2.0.3.RELEASE\spring-boot-2.0.3.RELEASE.jar;E:\maven\maven-repository\org\springframework\spring-context\5.0.7.RELEASE\spring-context-5.0.7.RELEASE.jar;E:\maven\maven-repository\org\springframework\boot\spring-boot-autoconfigure\2.0.3.RELEASE\spring-boot-autoconfigure-2.0.3.RELEASE.jar;E:\maven\maven-repository\org\springframework\boot\spring-boot-starter-logging\2.0.3.RELEASE\spring-boot-starter-logging-2.0.3.RELEASE.jar;E:\maven\maven-repository\ch\qos\logback\logback-classic\1.2.3\logback-classic-1.2.3.jar;E:\maven\maven-repository\ch\qos\logback\logback-core\1.2.3\logback-core-1.2.3.jar;E:\maven\maven-repository\org\apache\logging\log4j\log4j-to-slf4j\2.10.0\log4j-to-slf4j-2.10.0.jar;E:\maven\maven-repository\org\apache\logging\log4j\log4j-api\2.10.0\log4j-api-2.10.0.jar;E:\maven\maven-repository\org\slf4j\jul-to-slf4j\1.7.25\jul-to-slf4j-1.7.25.jar;E:\maven\maven-repository\javax\annotation\javax.annotation-api\1.3.2\javax.annotation-api-1.3.2.jar;E:\maven\maven-repository\org\springframework\spring-core\5.0.7.RELEASE\spring-core-5.0.7.RELEASE.jar;E:\maven\maven-repository\org\springframew
Launcher Type: SUN_STANDARD

Environment Variables:
JAVA_HOME=E:\java\jdk
CLASSPATH= ;E:\java\jdk\lib;E:\java\jdk\lib\tools.jar
PATH=E:/java/jdk/jre/bin/server;E:/java/jdk/jre/bin;E:/java/jdk/jre/lib/amd64;E:\Xshell 6\;C:\Program Files (x86)\Common Files\Oracle\Java\javapath;C:\WINDOWS\system32;C:\WINDOWS;C:\WINDOWS\System32\Wbem;C:\WINDOWS\System32\WindowsPowerShell\v1.0\;E:\Program Files\VisualSVN Server\bin;E:\Program Files\TortoiseSVN\bin;E:\java\jdk\lib;E:\java\jdk\jre\bin;E:\Git\cmd;E:\TortoiseGit\bin;E:\Redis\;E:\maven\apache-maven-3.3.9\bin;C:\Program Files\MySQL\MySQL Server 5.7\bin;E:\apache-tomcat-8.5.40\lib;E:\apache-tomcat-8.5.40\bin;E:\nodejs\;C:\WINDOWS\System32\OpenSSH\;E:\erl10.3\bin;C:\Users\user\AppData\Local\Programs\Python\Python37\Scripts\;C:\Users\user\AppData\Local\Programs\Python\Python37\;C:\Users\user\AppData\Roaming\npm;C:\Users\user\AppData\Local\Microsoft\WindowsApps;;E:\IDE\eclipse64;
USERNAME=user
OS=Windows_NT
PROCESSOR_IDENTIFIER=AMD64 Family 21 Model 2 Stepping 0, AuthenticAMD



---------------  S Y S T E M  ---------------

OS: Windows 10.0 , 64 bit Build 17763 (10.0.17763.475)

CPU:total 8 (initial active 8) (8 cores per cpu, 1 threads per core) family 21 model 2 stepping 0, cmov, cx8, fxsr, mmx, sse, sse2, sse3, ssse3, sse4.1, sse4.2, popcnt, avx, aes, clmul, mmxext, 3dnowpref, lzcnt, sse4a, tsc, tscinvbit, tscinv, bmi1

Memory: 4k page, physical 8371216k(2004168k free), swap 14811452k(5812k free)

vm_info: Java HotSpot(TM) 64-Bit Server VM (25.191-b12) for windows-amd64 JRE (1.8.0_191-b12), built on Oct  6 2018 09:29:03 by "java_re" with MS VC++ 10.0 (VS2010)

time: Wed Oct 16 15:37:20 2019
elapsed time: 4 seconds (0d 0h 0m 4s)

